D:\bigdata\projects\jaxrstest>mvn clean package
[INFO] Scanning for projects...
[INFO]
[INFO] ------------------------------------------------------------------------
[INFO] Building jaxrstest 1.0-SNAPSHOT
[INFO] ------------------------------------------------------------------------
[INFO]
[INFO] --- maven-clean-plugin:2.5:clean (default-clean) @ jaxrstest ---
[INFO] Deleting D:\bigdata\projects\jaxrstest\target
[INFO]
[INFO] --- maven-resources-plugin:2.6:resources (default-resources) @ jaxrstest ---
[INFO] Using 'UTF-8' encoding to copy filtered resources.
[INFO] Copying 0 resource
[INFO]
[INFO] --- maven-compiler-plugin:3.1:compile (default-compile) @ jaxrstest ---
[INFO] Changes detected - recompiling the module!
[INFO] Compiling 2 source files to D:\bigdata\projects\jaxrstest\target\classes
[INFO]
[INFO] --- maven-resources-plugin:2.6:testResources (default-testResources) @ jaxrstest ---
[INFO] Using 'UTF-8' encoding to copy filtered resources.
[INFO] skip non existing resourceDirectory D:\bigdata\projects\jaxrstest\src\test\resources
[INFO]
[INFO] --- maven-compiler-plugin:3.1:testCompile (default-testCompile) @ jaxrstest ---
[INFO] Nothing to compile - all classes are up to date
[INFO]
[INFO] --- maven-surefire-plugin:2.12.4:test (default-test) @ jaxrstest ---
[INFO] No tests to run.
[INFO]
[INFO] --- maven-jar-plugin:2.4:jar (default-jar) @ jaxrstest ---
[INFO] Building jar: D:\bigdata\projects\jaxrstest\target\jaxrstest-1.0-SNAPSHOT.jar
[INFO]
[INFO] --- maven-shade-plugin:3.1.0:shade (default) @ jaxrstest ---
[INFO] Including org.jboss.resteasy:resteasy-jaxrs:jar:3.1.4.Final in the shaded jar.
[INFO] Including org.jboss.spec.javax.ws.rs:jboss-jaxrs-api_2.0_spec:jar:1.0.1.Beta1 in the shaded jar.
[INFO] Including org.jboss.resteasy:resteasy-jaxrs-services:jar:3.1.4.Final in the shaded jar.
[INFO] Including org.jboss.spec.javax.annotation:jboss-annotations-api_1.2_spec:jar:1.0.0.Final in the shaded jar.
[INFO] Including javax.activation:activation:jar:1.1.1 in the shaded jar.
[INFO] Including org.apache.httpcomponents:httpclient:jar:4.5.2 in the shaded jar.
[INFO] Including org.apache.httpcomponents:httpcore:jar:4.4.4 in the shaded jar.
[INFO] Including commons-logging:commons-logging:jar:1.2 in the shaded jar.
[INFO] Including commons-codec:commons-codec:jar:1.9 in the shaded jar.
[INFO] Including commons-io:commons-io:jar:2.5 in the shaded jar.
[INFO] Including net.jcip:jcip-annotations:jar:1.0 in the shaded jar.
[INFO] Including org.jboss.logging:jboss-logging:jar:3.3.0.Final in the shaded jar.
[INFO] Including org.jboss.resteasy:resteasy-client:jar:3.1.4.Final in the shaded jar.
[INFO] Including org.jboss.resteasy:resteasy-jackson2-provider:jar:3.1.4.Final in the shaded jar.
[INFO] Including com.fasterxml.jackson.core:jackson-core:jar:2.8.9 in the shaded jar.
[INFO] Including com.fasterxml.jackson.core:jackson-databind:jar:2.8.9 in the shaded jar.
[INFO] Including com.fasterxml.jackson.core:jackson-annotations:jar:2.8.9 in the shaded jar.
[INFO] Including com.fasterxml.jackson.jaxrs:jackson-jaxrs-json-provider:jar:2.8.9 in the shaded jar.
[INFO] Including com.fasterxml.jackson.jaxrs:jackson-jaxrs-base:jar:2.8.9 in the shaded jar.
[INFO] Including com.fasterxml.jackson.module:jackson-module-jaxb-annotations:jar:2.8.9 in the shaded jar.
[INFO] Replacing original artifact with shaded artifact.
[INFO] Replacing D:\bigdata\projects\jaxrstest\target\jaxrstest-1.0-SNAPSHOT.jar with D:\bigdata\projects\jaxrstest\target\jaxrstest-1.0-SNAPSHOT-shaded.jar
[INFO] Dependency-reduced POM written at: D:\bigdata\projects\jaxrstest\dependency-reduced-pom.xml
[INFO] ------------------------------------------------------------------------
[INFO] BUILD SUCCESS
[INFO] ------------------------------------------------------------------------
[INFO] Total time: 2.861 s
[INFO] Finished at: 2017-09-14T12:06:44+03:00
[INFO] Final Memory: 32M/198M
[INFO] ------------------------------------------------------------------------

D:\bigdata\projects\jaxrstest>java -jar target\jaxrstest-1.0-SNAPSHOT.jar
Exception in thread "main" javax.ws.rs.ProcessingException: RESTEASY004655: Unable to invoke request
        at org.jboss.resteasy.client.jaxrs.engines.ApacheHttpClient4Engine.invoke(ApacheHttpClient4Engine.java:316)
        at org.jboss.resteasy.client.jaxrs.internal.ClientInvocation.invoke(ClientInvocation.java:462)
        at fi.capgemini.atorste.jaxrstest.Main.main(Main.java:32)
Caused by: javax.ws.rs.ProcessingException: RESTEASY003215: could not find writer for content-type application/json type: fi.capgemini.atorste.jaxrstest.RequestData
        at org.jboss.resteasy.core.interception.jaxrs.ClientWriterInterceptorContext.throwWriterNotFoundException(ClientWriterInterceptorContext.java:40)
        at org.jboss.resteasy.core.interception.jaxrs.AbstractWriterInterceptorContext.getWriter(AbstractWriterInterceptorContext.java:146)
        at org.jboss.resteasy.core.interception.jaxrs.AbstractWriterInterceptorContext.proceed(AbstractWriterInterceptorContext.java:121)
        at org.jboss.resteasy.client.jaxrs.internal.ClientInvocation.writeRequestBody(ClientInvocation.java:390)
        at org.jboss.resteasy.client.jaxrs.engines.ApacheHttpClient4Engine.writeRequestBodyToOutputStream(ApacheHttpClient4Engine.java:630)
        at org.jboss.resteasy.client.jaxrs.engines.ApacheHttpClient4Engine.buildEntity(ApacheHttpClient4Engine.java:595)
        at org.jboss.resteasy.client.jaxrs.engines.ApacheHttpClient4Engine.loadHttpMethod(ApacheHttpClient4Engine.java:483)
        at org.jboss.resteasy.client.jaxrs.engines.ApacheHttpClient4Engine.invoke(ApacheHttpClient4Engine.java:305)
        ... 2 more

D:\bigdata\projects\jaxrstest>
